{
  "0 debug pnpm:scope": {
    "selected": 1,
    "workspacePrefix": "/wanxin/github/element3"
  },
  "1 info pnpm": {
    "err": {
      "name": "Error",
      "message": "not found: isntall",
      "code": "ENOENT",
      "stack": "Error: not found: isntall\n    at getNotFoundError (/mnt/d/nodejs/node_global/node_modules/pnpm/dist/pnpm.cjs:41491:51)\n    at Function.whichSync [as sync] (/mnt/d/nodejs/node_global/node_modules/pnpm/dist/pnpm.cjs:41568:13)\n    at getCommandAbsolutePathSync (/mnt/d/nodejs/node_global/node_modules/pnpm/dist/pnpm.cjs:43133:44)\n    at default_1 (/mnt/d/nodejs/node_global/node_modules/pnpm/dist/pnpm.cjs:43142:32)\n    at /mnt/d/nodejs/node_global/node_modules/pnpm/dist/pnpm.cjs:176198:39"
    }
  },
  "2 error pnpm": {
    "code": "ERR_PNPM_RECURSIVE_EXEC_FIRST_FAIL",
    "prefix": "/wanxin/github/element3",
    "err": {
      "name": "pnpm",
      "message": "not found: isntall",
      "code": "ERR_PNPM_RECURSIVE_EXEC_FIRST_FAIL",
      "stack": "Error: not found: isntall\n    at getNotFoundError (/mnt/d/nodejs/node_global/node_modules/pnpm/dist/pnpm.cjs:41491:51)\n    at Function.whichSync [as sync] (/mnt/d/nodejs/node_global/node_modules/pnpm/dist/pnpm.cjs:41568:13)\n    at getCommandAbsolutePathSync (/mnt/d/nodejs/node_global/node_modules/pnpm/dist/pnpm.cjs:43133:44)\n    at default_1 (/mnt/d/nodejs/node_global/node_modules/pnpm/dist/pnpm.cjs:43142:32)\n    at /mnt/d/nodejs/node_global/node_modules/pnpm/dist/pnpm.cjs:176198:39"
    }
  }
}